{"D:\\dev\\React\\crypto-dashboard\\src\\js\\App.tsx": {"path":"D:\\dev\\React\\crypto-dashboard\\src\\js\\App.tsx","statementMap":{"0":{"start":{"line":1,"column":0},"end":{"line":1,"column":31}},"1":{"start":{"line":2,"column":0},"end":{"line":2,"column":55}},"2":{"start":{"line":3,"column":0},"end":{"line":3,"column":30}},"3":{"start":{"line":5,"column":13},"end":{"line":21,"column":2}},"4":{"start":{"line":5,"column":45},"end":{"line":21,"column":2}},"5":{"start":{"line":23,"column":0},"end":{"line":23,"column":19}}},"fnMap":{"0":{"name":"(anonymous_7)","decl":{"start":{"line":5,"column":19},"end":{"line":5,"column":45}},"loc":{"start":{"line":5,"column":19},"end":{"line":5,"column":null}}}},"branchMap":{},"s":{"0":1,"1":1,"2":1,"3":1,"4":1,"5":1},"f":{"0":1},"b":{}}
,"D:\\dev\\React\\crypto-dashboard\\src\\js\\Routes.tsx": {"path":"D:\\dev\\React\\crypto-dashboard\\src\\js\\Routes.tsx","statementMap":{"0":{"start":{"line":1,"column":0},"end":{"line":1,"column":31}},"1":{"start":{"line":2,"column":0},"end":{"line":2,"column":49}},"2":{"start":{"line":3,"column":0},"end":{"line":3,"column":67}},"3":{"start":{"line":5,"column":13},"end":{"line":10,"column":2}},"4":{"start":{"line":5,"column":48},"end":{"line":10,"column":2}},"5":{"start":{"line":12,"column":0},"end":{"line":12,"column":22}}},"fnMap":{"0":{"name":"(anonymous_7)","decl":{"start":{"line":5,"column":22},"end":{"line":5,"column":48}},"loc":{"start":{"line":5,"column":22},"end":{"line":5,"column":null}}}},"branchMap":{},"s":{"0":2,"1":2,"2":2,"3":2,"4":1,"5":2},"f":{"0":1},"b":{}}
,"D:\\dev\\React\\crypto-dashboard\\src\\js\\components\\Chart.tsx": {"path":"D:\\dev\\React\\crypto-dashboard\\src\\js\\components\\Chart.tsx","statementMap":{"0":{"start":{"line":1,"column":0},"end":{"line":1,"column":55}},"1":{"start":{"line":2,"column":0},"end":{"line":2,"column":36}},"2":{"start":{"line":11,"column":13},"end":{"line":48,"column":2}},"3":{"start":{"line":11,"column":34},"end":{"line":11,"column":36}},"4":{"start":{"line":11,"column":43},"end":{"line":11,"column":45}},"5":{"start":{"line":11,"column":52},"end":{"line":11,"column":65}},"6":{"start":{"line":12,"column":2},"end":{"line":45,"column":9}},"7":{"start":{"line":13,"column":17},"end":{"line":13,"column":78}},"8":{"start":{"line":13,"column":44},"end":{"line":13,"column":78}},"9":{"start":{"line":15,"column":4},"end":{"line":44,"column":7}},"10":{"start":{"line":47,"column":2},"end":{"line":47,"column":32}},"11":{"start":{"line":50,"column":0},"end":{"line":50,"column":21}}},"fnMap":{"0":{"name":"(anonymous_7)","decl":{"start":{"line":11,"column":21},"end":{"line":11,"column":22}},"loc":{"start":{"line":11,"column":65},"end":{"line":48,"column":1}}},"1":{"name":"(anonymous_8)","decl":{"start":{"line":12,"column":12},"end":{"line":12,"column":null}},"loc":{"start":{"line":12,"column":12},"end":{"line":45,"column":3}}},"2":{"name":"(anonymous_9)","decl":{"start":{"line":13,"column":29},"end":{"line":13,"column":30}},"loc":{"start":{"line":13,"column":39},"end":{"line":13,"column":45}}}},"branchMap":{},"s":{"0":8,"1":8,"2":8,"3":1,"4":1,"5":1,"6":1,"7":1,"8":1,"9":1,"10":1,"11":8},"f":{"0":1,"1":1,"2":1},"b":{}}
,"D:\\dev\\React\\crypto-dashboard\\src\\js\\components\\currenciesList\\CurrenciesList.tsx": {"path":"D:\\dev\\React\\crypto-dashboard\\src\\js\\components\\currenciesList\\CurrenciesList.tsx","statementMap":{"0":{"start":{"line":1,"column":0},"end":{"line":1,"column":54}},"1":{"start":{"line":2,"column":0},"end":{"line":2,"column":67}},"2":{"start":{"line":3,"column":0},"end":{"line":3,"column":54}},"3":{"start":{"line":5,"column":0},"end":{"line":5,"column":50}},"4":{"start":{"line":13,"column":13},"end":{"line":58,"column":2}},"5":{"start":{"line":13,"column":43},"end":{"line":13,"column":45}},"6":{"start":{"line":13,"column":55},"end":{"line":13,"column":57}},"7":{"start":{"line":13,"column":61},"end":{"line":13,"column":74}},"8":{"start":{"line":14,"column":23},"end":{"line":14,"column":24}},"9":{"start":{"line":15,"column":32},"end":{"line":15,"column":94}},"10":{"start":{"line":15,"column":67},"end":{"line":15,"column":94}},"11":{"start":{"line":16,"column":30},"end":{"line":16,"column":116}},"12":{"start":{"line":17,"column":42},"end":{"line":17,"column":71}},"13":{"start":{"line":17,"column":21},"end":{"line":17,"column":23}},"14":{"start":{"line":17,"column":38},"end":{"line":17,"column":42}},"15":{"start":{"line":18,"column":24},"end":{"line":18,"column":68}},"16":{"start":{"line":20,"column":2},"end":{"line":57,"column":4}},"17":{"start":{"line":31,"column":33},"end":{"line":36,"column":16}},"18":{"start":{"line":60,"column":0},"end":{"line":60,"column":30}}},"fnMap":{"0":{"name":"(anonymous_8)","decl":{"start":{"line":13,"column":30},"end":{"line":13,"column":31}},"loc":{"start":{"line":13,"column":74},"end":{"line":58,"column":1}}},"1":{"name":"(anonymous_9)","decl":{"start":{"line":15,"column":53},"end":{"line":15,"column":54}},"loc":{"start":{"line":15,"column":62},"end":{"line":15,"column":75}}},"2":{"name":"(anonymous_10)","decl":{"start":{"line":31,"column":19},"end":{"line":31,"column":20}},"loc":{"start":{"line":31,"column":28},"end":{"line":31,"column":null}}}},"branchMap":{"0":{"loc":{"start":{"line":16,"column":59},"end":{"line":16,"column":112}},"type":"cond-expr","locations":[{"start":{"line":16,"column":59},"end":{"line":16,"column":112}},{"start":{"line":16,"column":115},"end":{"line":16,"column":116}}]},"1":{"loc":{"start":{"line":24,"column":23},"end":{"line":24,"column":40}},"type":"cond-expr","locations":[{"start":{"line":24,"column":23},"end":{"line":24,"column":40}},{"start":{"line":24,"column":43},"end":{"line":24,"column":74}}]},"2":{"loc":{"start":{"line":48,"column":8},"end":{"line":48,"column":18}},"type":"binary-expr","locations":[{"start":{"line":48,"column":8},"end":{"line":48,"column":18}},{"start":{"line":49,"column":10},"end":{"line":52,"column":null}}]}},"s":{"0":4,"1":4,"2":4,"3":4,"4":4,"5":3,"6":3,"7":3,"8":3,"9":3,"10":4,"11":3,"12":3,"13":3,"14":3,"15":3,"16":3,"17":5,"18":4},"f":{"0":3,"1":4,"2":5},"b":{"0":[1,2],"1":[1,2],"2":[3,1]}}
,"D:\\dev\\React\\crypto-dashboard\\src\\js\\components\\currenciesList\\CurrenciesListItem.tsx": {"path":"D:\\dev\\React\\crypto-dashboard\\src\\js\\components\\currenciesList\\CurrenciesListItem.tsx","statementMap":{"0":{"start":{"line":1,"column":0},"end":{"line":1,"column":44}},"1":{"start":{"line":2,"column":0},"end":{"line":2,"column":40}},"2":{"start":{"line":9,"column":13},"end":{"line":35,"column":2}},"3":{"start":{"line":9,"column":45},"end":{"line":9,"column":58}},"4":{"start":{"line":10,"column":48},"end":{"line":10,"column":57}},"5":{"start":{"line":12,"column":2},"end":{"line":34,"column":4}},"6":{"start":{"line":37,"column":0},"end":{"line":37,"column":34}}},"fnMap":{"0":{"name":"(anonymous_1)","decl":{"start":{"line":9,"column":34},"end":{"line":9,"column":35}},"loc":{"start":{"line":9,"column":58},"end":{"line":35,"column":1}}}},"branchMap":{},"s":{"0":5,"1":5,"2":5,"3":2,"4":10,"5":2,"6":5},"f":{"0":2},"b":{}}
,"D:\\dev\\React\\crypto-dashboard\\src\\js\\components\\currencyPreview\\CurrencyConversionPickerItem.tsx": {"path":"D:\\dev\\React\\crypto-dashboard\\src\\js\\components\\currencyPreview\\CurrencyConversionPickerItem.tsx","statementMap":{"0":{"start":{"line":1,"column":0},"end":{"line":1,"column":44}},"1":{"start":{"line":15,"column":13},"end":{"line":43,"column":2}},"2":{"start":{"line":15,"column":53},"end":{"line":15,"column":55}},"3":{"start":{"line":15,"column":59},"end":{"line":15,"column":61}},"4":{"start":{"line":15,"column":66},"end":{"line":15,"column":68}},"5":{"start":{"line":15,"column":76},"end":{"line":15,"column":78}},"6":{"start":{"line":15,"column":85},"end":{"line":15,"column":98}},"7":{"start":{"line":17,"column":4},"end":{"line":17,"column":27}},"8":{"start":{"line":20,"column":2},"end":{"line":42,"column":4}},"9":{"start":{"line":45,"column":0},"end":{"line":45,"column":44}}},"fnMap":{"0":{"name":"(anonymous_1)","decl":{"start":{"line":15,"column":44},"end":{"line":15,"column":45}},"loc":{"start":{"line":15,"column":98},"end":{"line":43,"column":1}}},"1":{"name":"handleSelect","decl":{"start":{"line":16,"column":11},"end":{"line":16,"column":23}},"loc":{"start":{"line":16,"column":23},"end":{"line":18,"column":3}}}},"branchMap":{"0":{"loc":{"start":{"line":29,"column":23},"end":{"line":29,"column":52}},"type":"cond-expr","locations":[{"start":{"line":29,"column":23},"end":{"line":29,"column":52}},{"start":{"line":29,"column":55},"end":{"line":29,"column":57}}]},"1":{"loc":{"start":{"line":30,"column":23},"end":{"line":30,"column":47}},"type":"cond-expr","locations":[{"start":{"line":30,"column":23},"end":{"line":30,"column":47}},{"start":{"line":30,"column":50},"end":{"line":30,"column":52}}]},"2":{"loc":{"start":{"line":35,"column":12},"end":{"line":36,"column":null}},"type":"cond-expr","locations":[{"start":{"line":35,"column":12},"end":{"line":36,"column":null}},{"start":{"line":38,"column":14},"end":{"line":38,"column":17}}]}},"s":{"0":8,"1":8,"2":2,"3":2,"4":2,"5":2,"6":2,"7":1,"8":2,"9":8},"f":{"0":2,"1":1},"b":{"0":[1,1],"1":[1,1],"2":[1,1]}}
,"D:\\dev\\React\\crypto-dashboard\\src\\js\\components\\currencyPreview\\CurrencyPreview.tsx": {"path":"D:\\dev\\React\\crypto-dashboard\\src\\js\\components\\currencyPreview\\CurrencyPreview.tsx","statementMap":{"0":{"start":{"line":1,"column":0},"end":{"line":1,"column":44}},"1":{"start":{"line":3,"column":0},"end":{"line":3,"column":62}},"2":{"start":{"line":13,"column":13},"end":{"line":38,"column":2}},"3":{"start":{"line":13,"column":42},"end":{"line":13,"column":44}},"4":{"start":{"line":13,"column":51},"end":{"line":13,"column":53}},"5":{"start":{"line":13,"column":78},"end":{"line":13,"column":91}},"6":{"start":{"line":14,"column":44},"end":{"line":14,"column":53}},"7":{"start":{"line":17,"column":4},"end":{"line":17,"column":49}},"8":{"start":{"line":20,"column":2},"end":{"line":37,"column":4}},"9":{"start":{"line":40,"column":0},"end":{"line":40,"column":31}}},"fnMap":{"0":{"name":"(anonymous_1)","decl":{"start":{"line":13,"column":31},"end":{"line":13,"column":32}},"loc":{"start":{"line":13,"column":91},"end":{"line":38,"column":1}}},"1":{"name":"handleSelectCurrency","decl":{"start":{"line":16,"column":11},"end":{"line":16,"column":31}},"loc":{"start":{"line":16,"column":46},"end":{"line":18,"column":3}}}},"branchMap":{"0":{"loc":{"start":{"line":28,"column":10},"end":{"line":31,"column":null}},"type":"cond-expr","locations":[{"start":{"line":28,"column":10},"end":{"line":31,"column":null}},{"start":{"line":34,"column":12},"end":{"line":34,"column":34}}]},"1":{"loc":{"start":{"line":27,"column":8},"end":{"line":27,"column":18}},"type":"binary-expr","locations":[{"start":{"line":27,"column":8},"end":{"line":27,"column":18}},{"start":{"line":27,"column":22},"end":{"line":27,"column":29}}]}},"s":{"0":6,"1":6,"2":6,"3":4,"4":4,"5":4,"6":16,"7":1,"8":4,"9":6},"f":{"0":4,"1":1},"b":{"0":[1,3],"1":[4,1]}}
,"D:\\dev\\React\\crypto-dashboard\\src\\js\\components\\currencyPreview\\CurrencyPreviewContent.tsx": {"path":"D:\\dev\\React\\crypto-dashboard\\src\\js\\components\\currencyPreview\\CurrencyPreviewContent.tsx","statementMap":{"0":{"start":{"line":1,"column":0},"end":{"line":1,"column":54}},"1":{"start":{"line":2,"column":0},"end":{"line":2,"column":29}},"2":{"start":{"line":4,"column":0},"end":{"line":4,"column":114}},"3":{"start":{"line":16,"column":13},"end":{"line":20,"column":2}},"4":{"start":{"line":22,"column":13},"end":{"line":51,"column":2}},"5":{"start":{"line":22,"column":48},"end":{"line":22,"column":50}},"6":{"start":{"line":22,"column":68},"end":{"line":22,"column":70}},"7":{"start":{"line":22,"column":78},"end":{"line":22,"column":91}},"8":{"start":{"line":23,"column":38},"end":{"line":23,"column":47}},"9":{"start":{"line":24,"column":19},"end":{"line":24,"column":27}},"10":{"start":{"line":26,"column":2},"end":{"line":50,"column":4}},"11":{"start":{"line":30,"column":35},"end":{"line":30,"column":37}},"12":{"start":{"line":30,"column":41},"end":{"line":30,"column":43}},"13":{"start":{"line":30,"column":48},"end":{"line":39,"column":12}},"14":{"start":{"line":53,"column":0},"end":{"line":53,"column":38}}},"fnMap":{"0":{"name":"(anonymous_7)","decl":{"start":{"line":22,"column":38},"end":{"line":22,"column":39}},"loc":{"start":{"line":22,"column":91},"end":{"line":51,"column":1}}},"1":{"name":"(anonymous_8)","decl":{"start":{"line":30,"column":26},"end":{"line":30,"column":27}},"loc":{"start":{"line":30,"column":43},"end":{"line":30,"column":null}}}},"branchMap":{},"s":{"0":7,"1":7,"2":7,"3":7,"4":7,"5":1,"6":1,"7":1,"8":3,"9":1,"10":1,"11":3,"12":3,"13":3,"14":7},"f":{"0":1,"1":3},"b":{}}
,"D:\\dev\\React\\crypto-dashboard\\src\\js\\components\\pagination\\Pagination.tsx": {"path":"D:\\dev\\React\\crypto-dashboard\\src\\js\\components\\pagination\\Pagination.tsx","statementMap":{"0":{"start":{"line":1,"column":0},"end":{"line":1,"column":44}},"1":{"start":{"line":2,"column":0},"end":{"line":2,"column":73}},"2":{"start":{"line":10,"column":13},"end":{"line":28,"column":2}},"3":{"start":{"line":10,"column":42},"end":{"line":10,"column":44}},"4":{"start":{"line":10,"column":56},"end":{"line":10,"column":58}},"5":{"start":{"line":10,"column":70},"end":{"line":10,"column":83}},"6":{"start":{"line":10,"column":102},"end":{"line":28,"column":2}},"7":{"start":{"line":16,"column":34},"end":{"line":16,"column":44}},"8":{"start":{"line":17,"column":31},"end":{"line":24,"column":12}},"9":{"start":{"line":30,"column":0},"end":{"line":30,"column":26}}},"fnMap":{"0":{"name":"(anonymous_1)","decl":{"start":{"line":10,"column":26},"end":{"line":10,"column":27}},"loc":{"start":{"line":10,"column":83},"end":{"line":10,"column":null}}},"1":{"name":"(anonymous_2)","decl":{"start":{"line":16,"column":15},"end":{"line":16,"column":16}},"loc":{"start":{"line":16,"column":29},"end":{"line":16,"column":39}}},"2":{"name":"(anonymous_3)","decl":{"start":{"line":17,"column":15},"end":{"line":17,"column":16}},"loc":{"start":{"line":17,"column":26},"end":{"line":17,"column":null}}}},"branchMap":{},"s":{"0":5,"1":5,"2":5,"3":2,"4":2,"5":2,"6":2,"7":5,"8":5,"9":5},"f":{"0":2,"1":5,"2":5},"b":{}}
,"D:\\dev\\React\\crypto-dashboard\\src\\js\\components\\pagination\\PaginationItem.tsx": {"path":"D:\\dev\\React\\crypto-dashboard\\src\\js\\components\\pagination\\PaginationItem.tsx","statementMap":{"0":{"start":{"line":1,"column":0},"end":{"line":1,"column":44}},"1":{"start":{"line":13,"column":13},"end":{"line":31,"column":2}},"2":{"start":{"line":13,"column":43},"end":{"line":13,"column":45}},"3":{"start":{"line":13,"column":52},"end":{"line":13,"column":54}},"4":{"start":{"line":13,"column":62},"end":{"line":13,"column":75}},"5":{"start":{"line":15,"column":4},"end":{"line":15,"column":31}},"6":{"start":{"line":18,"column":2},"end":{"line":30,"column":4}},"7":{"start":{"line":33,"column":0},"end":{"line":33,"column":30}}},"fnMap":{"0":{"name":"(anonymous_1)","decl":{"start":{"line":13,"column":30},"end":{"line":13,"column":31}},"loc":{"start":{"line":13,"column":75},"end":{"line":31,"column":1}}},"1":{"name":"handleClick","decl":{"start":{"line":14,"column":11},"end":{"line":14,"column":22}},"loc":{"start":{"line":14,"column":22},"end":{"line":16,"column":3}}}},"branchMap":{"0":{"loc":{"start":{"line":24,"column":33},"end":{"line":24,"column":45}},"type":"cond-expr","locations":[{"start":{"line":24,"column":33},"end":{"line":24,"column":45}},{"start":{"line":24,"column":48},"end":{"line":24,"column":50}}]}},"s":{"0":6,"1":6,"2":2,"3":2,"4":2,"5":1,"6":2,"7":6},"f":{"0":2,"1":1},"b":{"0":[1,1]}}
,"D:\\dev\\React\\crypto-dashboard\\src\\js\\consts\\actions.ts": {"path":"D:\\dev\\React\\crypto-dashboard\\src\\js\\consts\\actions.ts","statementMap":{"0":{"start":{"line":1,"column":0},"end":{"line":1,"column":null}},"1":{"start":{"line":2,"column":2},"end":{"line":2,"column":null}},"2":{"start":{"line":3,"column":2},"end":{"line":3,"column":null}},"3":{"start":{"line":4,"column":2},"end":{"line":4,"column":null}},"4":{"start":{"line":7,"column":0},"end":{"line":7,"column":22}}},"fnMap":{"0":{"name":"(anonymous_0)","decl":{"start":{"line":1,"column":0},"end":{"line":1,"column":5}},"loc":{"start":{"line":1,"column":11},"end":{"line":5,"column":1}}}},"branchMap":{"0":{"loc":{"start":{"line":1,"column":5},"end":{"line":1,"column":11}},"type":"binary-expr","locations":[{"start":{"line":1,"column":5},"end":{"line":1,"column":11}},{"start":{"line":1,"column":5},"end":{"line":1,"column":null}}]}},"s":{"0":11,"1":11,"2":11,"3":11,"4":11},"f":{"0":11},"b":{"0":[11,11]}}
,"D:\\dev\\React\\crypto-dashboard\\src\\js\\containers\\CurrenciesContainer.tsx": {"path":"D:\\dev\\React\\crypto-dashboard\\src\\js\\containers\\CurrenciesContainer.tsx","statementMap":{"0":{"start":{"line":1,"column":0},"end":{"line":1,"column":55}},"1":{"start":{"line":2,"column":0},"end":{"line":2,"column":54}},"2":{"start":{"line":3,"column":0},"end":{"line":3,"column":96}},"3":{"start":{"line":4,"column":0},"end":{"line":4,"column":39}},"4":{"start":{"line":5,"column":0},"end":{"line":5,"column":73}},"5":{"start":{"line":7,"column":0},"end":{"line":7,"column":81}},"6":{"start":{"line":9,"column":0},"end":{"line":9,"column":71}},"7":{"start":{"line":31,"column":24},"end":{"line":31,"column":82}},"8":{"start":{"line":31,"column":81},"end":{"line":35,"column":3}},"9":{"start":{"line":36,"column":27},"end":{"line":38,"column":2}},"10":{"start":{"line":39,"column":18},"end":{"line":39,"column":62}},"11":{"start":{"line":42,"column":13},"end":{"line":82,"column":2}},"12":{"start":{"line":43,"column":17},"end":{"line":43,"column":null}},"13":{"start":{"line":44,"column":8},"end":{"line":44,"column":null}},"14":{"start":{"line":45,"column":12},"end":{"line":45,"column":null}},"15":{"start":{"line":46,"column":12},"end":{"line":46,"column":null}},"16":{"start":{"line":47,"column":9},"end":{"line":47,"column":null}},"17":{"start":{"line":49,"column":2},"end":{"line":51,"column":9}},"18":{"start":{"line":50,"column":4},"end":{"line":50,"column":22}},"19":{"start":{"line":53,"column":2},"end":{"line":61,"column":null}},"20":{"start":{"line":54,"column":4},"end":{"line":60,"column":6}},"21":{"start":{"line":63,"column":2},"end":{"line":67,"column":null}},"22":{"start":{"line":64,"column":4},"end":{"line":66,"column":6}},"23":{"start":{"line":69,"column":2},"end":{"line":79,"column":null}},"24":{"start":{"line":70,"column":4},"end":{"line":78,"column":6}},"25":{"start":{"line":81,"column":2},"end":{"line":81,"column":14}},"26":{"start":{"line":84,"column":0},"end":{"line":84,"column":46}}},"fnMap":{"0":{"name":"(anonymous_7)","decl":{"start":{"line":31,"column":24},"end":{"line":31,"column":25}},"loc":{"start":{"line":31,"column":65},"end":{"line":31,"column":82}}},"1":{"name":"(anonymous_8)","decl":{"start":{"line":42,"column":35},"end":{"line":42,"column":36}},"loc":{"start":{"line":48,"column":29},"end":{"line":82,"column":1}}},"2":{"name":"(anonymous_9)","decl":{"start":{"line":49,"column":12},"end":{"line":49,"column":null}},"loc":{"start":{"line":49,"column":12},"end":{"line":51,"column":3}}}},"branchMap":{"0":{"loc":{"start":{"line":53,"column":2},"end":{"line":61,"column":null}},"type":"if","locations":[{"start":{"line":53,"column":2},"end":{"line":61,"column":null}},{"start":{"line":53,"column":2},"end":{"line":61,"column":null}}]},"1":{"loc":{"start":{"line":53,"column":6},"end":{"line":53,"column":13}},"type":"binary-expr","locations":[{"start":{"line":53,"column":6},"end":{"line":53,"column":13}},{"start":{"line":53,"column":17},"end":{"line":53,"column":46}}]},"2":{"loc":{"start":{"line":63,"column":2},"end":{"line":67,"column":null}},"type":"if","locations":[{"start":{"line":63,"column":2},"end":{"line":67,"column":null}},{"start":{"line":63,"column":2},"end":{"line":67,"column":null}}]},"3":{"loc":{"start":{"line":69,"column":2},"end":{"line":79,"column":null}},"type":"if","locations":[{"start":{"line":69,"column":2},"end":{"line":79,"column":null}},{"start":{"line":69,"column":2},"end":{"line":79,"column":null}}]}},"s":{"0":3,"1":3,"2":3,"3":3,"4":3,"5":3,"6":3,"7":3,"8":1,"9":3,"10":3,"11":3,"12":5,"13":5,"14":5,"15":5,"16":5,"17":5,"18":1,"19":5,"20":1,"21":4,"22":1,"23":3,"24":2,"25":1,"26":3},"f":{"0":1,"1":5,"2":1},"b":{"0":[1,4],"1":[5,4],"2":[1,3],"3":[2,1]}}
,"D:\\dev\\React\\crypto-dashboard\\src\\js\\containers\\CurrencyContainer.tsx": {"path":"D:\\dev\\React\\crypto-dashboard\\src\\js\\containers\\CurrencyContainer.tsx","statementMap":{"0":{"start":{"line":1,"column":0},"end":{"line":1,"column":75}},"1":{"start":{"line":2,"column":0},"end":{"line":2,"column":54}},"2":{"start":{"line":3,"column":0},"end":{"line":3,"column":39}},"3":{"start":{"line":5,"column":0},"end":{"line":5,"column":96}},"4":{"start":{"line":6,"column":0},"end":{"line":6,"column":null}},"5":{"start":{"line":13,"column":0},"end":{"line":13,"column":76}},"6":{"start":{"line":34,"column":17},"end":{"line":41,"column":1}},"7":{"start":{"line":35,"column":25},"end":{"line":35,"column":34}},"8":{"start":{"line":37,"column":2},"end":{"line":40,"column":4}},"9":{"start":{"line":42,"column":20},"end":{"line":45,"column":2}},"10":{"start":{"line":46,"column":18},"end":{"line":46,"column":48}},"11":{"start":{"line":49,"column":13},"end":{"line":127,"column":2}},"12":{"start":{"line":50,"column":20},"end":{"line":50,"column":null}},"13":{"start":{"line":51,"column":27},"end":{"line":51,"column":null}},"14":{"start":{"line":52,"column":8},"end":{"line":52,"column":null}},"15":{"start":{"line":53,"column":10},"end":{"line":53,"column":null}},"16":{"start":{"line":54,"column":12},"end":{"line":54,"column":null}},"17":{"start":{"line":55,"column":6},"end":{"line":55,"column":null}},"18":{"start":{"line":57,"column":34},"end":{"line":57,"column":49}},"19":{"start":{"line":57,"column":17},"end":{"line":57,"column":19}},"20":{"start":{"line":57,"column":30},"end":{"line":57,"column":34}},"21":{"start":{"line":59,"column":2},"end":{"line":62,"column":9}},"22":{"start":{"line":60,"column":4},"end":{"line":60,"column":35}},"23":{"start":{"line":61,"column":4},"end":{"line":61,"column":22}},"24":{"start":{"line":65,"column":4},"end":{"line":65,"column":21}},"25":{"start":{"line":68,"column":25},"end":{"line":68,"column":null}},"26":{"start":{"line":68,"column":60},"end":{"line":96,"column":4}},"27":{"start":{"line":98,"column":2},"end":{"line":100,"column":null}},"28":{"start":{"line":99,"column":4},"end":{"line":99,"column":16}},"29":{"start":{"line":102,"column":2},"end":{"line":126,"column":4}},"30":{"start":{"line":129,"column":0},"end":{"line":129,"column":44}}},"fnMap":{"0":{"name":"(anonymous_7)","decl":{"start":{"line":34,"column":17},"end":{"line":34,"column":18}},"loc":{"start":{"line":34,"column":58},"end":{"line":41,"column":1}}},"1":{"name":"(anonymous_8)","decl":{"start":{"line":49,"column":33},"end":{"line":49,"column":34}},"loc":{"start":{"line":56,"column":29},"end":{"line":127,"column":1}}},"2":{"name":"(anonymous_9)","decl":{"start":{"line":59,"column":12},"end":{"line":59,"column":null}},"loc":{"start":{"line":59,"column":12},"end":{"line":62,"column":3}}},"3":{"name":"handleModalClose","decl":{"start":{"line":64,"column":11},"end":{"line":64,"column":27}},"loc":{"start":{"line":64,"column":27},"end":{"line":66,"column":3}}},"4":{"name":"(anonymous_11)","decl":{"start":{"line":68,"column":25},"end":{"line":68,"column":26}},"loc":{"start":{"line":68,"column":41},"end":{"line":68,"column":null}}}},"branchMap":{"0":{"loc":{"start":{"line":71,"column":9},"end":{"line":71,"column":16}},"type":"binary-expr","locations":[{"start":{"line":71,"column":9},"end":{"line":71,"column":16}},{"start":{"line":71,"column":20},"end":{"line":71,"column":49}},{"start":{"line":72,"column":10},"end":{"line":75,"column":null}}]},"1":{"loc":{"start":{"line":81,"column":9},"end":{"line":81,"column":18}},"type":"binary-expr","locations":[{"start":{"line":81,"column":9},"end":{"line":81,"column":18}},{"start":{"line":81,"column":22},"end":{"line":81,"column":47}},{"start":{"line":82,"column":10},"end":{"line":82,"column":51}}]},"2":{"loc":{"start":{"line":87,"column":9},"end":{"line":87,"column":34}},"type":"binary-expr","locations":[{"start":{"line":87,"column":9},"end":{"line":87,"column":34}},{"start":{"line":87,"column":38},"end":{"line":87,"column":46}},{"start":{"line":88,"column":10},"end":{"line":91,"column":null}}]},"3":{"loc":{"start":{"line":98,"column":2},"end":{"line":100,"column":null}},"type":"if","locations":[{"start":{"line":98,"column":2},"end":{"line":100,"column":null}},{"start":{"line":98,"column":2},"end":{"line":100,"column":null}}]}},"s":{"0":5,"1":5,"2":5,"3":5,"4":5,"5":5,"6":5,"7":3,"8":3,"9":5,"10":5,"11":5,"12":7,"13":7,"14":7,"15":7,"16":7,"17":7,"18":7,"19":7,"20":7,"21":7,"22":3,"23":3,"24":1,"25":7,"26":6,"27":7,"28":4,"29":3,"30":5},"f":{"0":3,"1":7,"2":3,"3":1,"4":6},"b":{"0":[6,6,2],"1":[6,2,4],"2":[6,2,2],"3":[4,3]}}
,"D:\\dev\\React\\crypto-dashboard\\src\\js\\features\\currencies\\currenciesActions.ts": {"path":"D:\\dev\\React\\crypto-dashboard\\src\\js\\features\\currencies\\currenciesActions.ts","statementMap":{"0":{"start":{"line":1,"column":0},"end":{"line":1,"column":26}},"1":{"start":{"line":2,"column":0},"end":{"line":2,"column":41}},"2":{"start":{"line":3,"column":0},"end":{"line":3,"column":null}},"3":{"start":{"line":9,"column":0},"end":{"line":9,"column":42}},"4":{"start":{"line":12,"column":0},"end":{"line":12,"column":60}},"5":{"start":{"line":34,"column":13},"end":{"line":37,"column":3}},"6":{"start":{"line":34,"column":82},"end":{"line":37,"column":3}},"7":{"start":{"line":39,"column":13},"end":{"line":46,"column":2}},"8":{"start":{"line":40,"column":24},"end":{"line":40,"column":54}},"9":{"start":{"line":40,"column":44},"end":{"line":40,"column":46}},"10":{"start":{"line":40,"column":51},"end":{"line":40,"column":54}},"11":{"start":{"line":42,"column":2},"end":{"line":45,"column":4}},"12":{"start":{"line":48,"column":13},"end":{"line":79,"column":2}},"13":{"start":{"line":51,"column":2},"end":{"line":76,"column":null}},"14":{"start":{"line":52,"column":17},"end":{"line":52,"column":35}},"15":{"start":{"line":53,"column":4},"end":{"line":75,"column":31}},"16":{"start":{"line":60,"column":12},"end":{"line":60,"column":30}},"17":{"start":{"line":57,"column":19},"end":{"line":57,"column":21}},"18":{"start":{"line":57,"column":25},"end":{"line":57,"column":27}},"19":{"start":{"line":57,"column":35},"end":{"line":57,"column":null}},"20":{"start":{"line":58,"column":18},"end":{"line":58,"column":20}},"21":{"start":{"line":58,"column":29},"end":{"line":58,"column":31}},"22":{"start":{"line":58,"column":46},"end":{"line":58,"column":null}},"23":{"start":{"line":59,"column":19},"end":{"line":59,"column":null}},"24":{"start":{"line":61,"column":27},"end":{"line":61,"column":50}},"25":{"start":{"line":63,"column":8},"end":{"line":72,"column":null}},"26":{"start":{"line":64,"column":10},"end":{"line":71,"column":13}},"27":{"start":{"line":74,"column":8},"end":{"line":74,"column":31}},"28":{"start":{"line":78,"column":2},"end":{"line":78,"column":14}},"29":{"start":{"line":85,"column":13},"end":{"line":105,"column":4}},"30":{"start":{"line":86,"column":2},"end":{"line":105,"column":4}},"31":{"start":{"line":86,"column":34},"end":{"line":105,"column":4}},"32":{"start":{"line":87,"column":10},"end":{"line":87,"column":70}},"33":{"start":{"line":89,"column":4},"end":{"line":89,"column":60}},"34":{"start":{"line":92,"column":23},"end":{"line":92,"column":null}},"35":{"start":{"line":92,"column":12},"end":{"line":92,"column":null}},"36":{"start":{"line":93,"column":12},"end":{"line":93,"column":70}},"37":{"start":{"line":95,"column":6},"end":{"line":95,"column":51}},"38":{"start":{"line":96,"column":6},"end":{"line":96,"column":48}},"39":{"start":{"line":97,"column":6},"end":{"line":97,"column":58}},"40":{"start":{"line":99,"column":6},"end":{"line":99,"column":24}},"41":{"start":{"line":101,"column":6},"end":{"line":101,"column":58}},"42":{"start":{"line":103,"column":6},"end":{"line":103,"column":18}}},"fnMap":{"0":{"name":"(anonymous_14)","decl":{"start":{"line":34,"column":35},"end":{"line":34,"column":36}},"loc":{"start":{"line":34,"column":50},"end":{"line":34,"column":83}}},"1":{"name":"(anonymous_15)","decl":{"start":{"line":39,"column":32},"end":{"line":39,"column":33}},"loc":{"start":{"line":39,"column":59},"end":{"line":46,"column":1}}},"2":{"name":"(anonymous_16)","decl":{"start":{"line":40,"column":39},"end":{"line":40,"column":40}},"loc":{"start":{"line":40,"column":46},"end":{"line":40,"column":53}}},"3":{"name":"(anonymous_17)","decl":{"start":{"line":48,"column":50},"end":{"line":48,"column":null}},"loc":{"start":{"line":49,"column":20},"end":{"line":79,"column":1}}},"4":{"name":"(anonymous_18)","decl":{"start":{"line":55,"column":14},"end":{"line":55,"column":15}},"loc":{"start":{"line":55,"column":44},"end":{"line":75,"column":7}}},"5":{"name":"(anonymous_19)","decl":{"start":{"line":85,"column":31},"end":{"line":85,"column":null}},"loc":{"start":{"line":85,"column":31},"end":{"line":86,"column":9}}},"6":{"name":"(anonymous_20)","decl":{"start":{"line":86,"column":2},"end":{"line":86,"column":9}},"loc":{"start":{"line":86,"column":34},"end":{"line":105,"column":4}}},"7":{"name":"(anonymous_21)","decl":{"start":{"line":86,"column":34},"end":{"line":86,"column":null}},"loc":{"start":{"line":86,"column":34},"end":{"line":105,"column":4}}}},"branchMap":{"0":{"loc":{"start":{"line":51,"column":2},"end":{"line":76,"column":null}},"type":"if","locations":[{"start":{"line":51,"column":2},"end":{"line":76,"column":null}},{"start":{"line":51,"column":2},"end":{"line":76,"column":null}}]},"1":{"loc":{"start":{"line":51,"column":6},"end":{"line":51,"column":14}},"type":"binary-expr","locations":[{"start":{"line":51,"column":6},"end":{"line":51,"column":14}},{"start":{"line":51,"column":18},"end":{"line":51,"column":36}}]},"2":{"loc":{"start":{"line":63,"column":8},"end":{"line":72,"column":null}},"type":"if","locations":[{"start":{"line":63,"column":8},"end":{"line":72,"column":null}},{"start":{"line":63,"column":8},"end":{"line":72,"column":null}}]},"3":{"loc":{"start":{"line":63,"column":12},"end":{"line":63,"column":21}},"type":"binary-expr","locations":[{"start":{"line":63,"column":12},"end":{"line":63,"column":21}},{"start":{"line":63,"column":25},"end":{"line":63,"column":41}}]}},"s":{"0":5,"1":5,"2":5,"3":5,"4":5,"5":5,"6":2,"7":5,"8":2,"9":4,"10":4,"11":2,"12":5,"13":3,"14":2,"15":2,"16":4,"17":4,"18":4,"19":4,"20":4,"21":4,"22":4,"23":4,"24":4,"25":4,"26":2,"27":4,"28":1,"29":5,"30":2,"31":2,"32":2,"33":2,"34":2,"35":2,"36":1,"37":1,"38":1,"39":1,"40":1,"41":1,"42":1},"f":{"0":2,"1":2,"2":4,"3":3,"4":4,"5":2,"6":2,"7":2},"b":{"0":[2,1],"1":[3,2],"2":[2,2],"3":[4,2]}}
,"D:\\dev\\React\\crypto-dashboard\\src\\js\\features\\currencies\\currenciesReducer.ts": {"path":"D:\\dev\\React\\crypto-dashboard\\src\\js\\features\\currencies\\currenciesReducer.ts","statementMap":{"0":{"start":{"line":1,"column":0},"end":{"line":1,"column":null}},"1":{"start":{"line":8,"column":38},"end":{"line":11,"column":2}},"2":{"start":{"line":13,"column":26},"end":{"line":39,"column":1}},"3":{"start":{"line":14,"column":2},"end":{"line":14,"column":null}},"4":{"start":{"line":17,"column":2},"end":{"line":38,"column":null}},"5":{"start":{"line":19,"column":25},"end":{"line":19,"column":40}},"6":{"start":{"line":21,"column":6},"end":{"line":23,"column":null}},"7":{"start":{"line":28,"column":32},"end":{"line":28,"column":47}},"8":{"start":{"line":30,"column":6},"end":{"line":32,"column":null}},"9":{"start":{"line":37,"column":6},"end":{"line":37,"column":19}},"10":{"start":{"line":41,"column":0},"end":{"line":41,"column":33}}},"fnMap":{"0":{"name":"(anonymous_2)","decl":{"start":{"line":13,"column":26},"end":{"line":13,"column":null}},"loc":{"start":{"line":15,"column":26},"end":{"line":39,"column":1}}}},"branchMap":{"0":{"loc":{"start":{"line":14,"column":2},"end":{"line":14,"column":null}},"type":"if","locations":[{"start":{"line":14,"column":2},"end":{"line":14,"column":null}},{"start":{"line":14,"column":2},"end":{"line":14,"column":null}}]},"1":{"loc":{"start":{"line":18,"column":4},"end":{"line":25,"column":null}},"type":"switch","locations":[{"start":{"line":18,"column":4},"end":{"line":25,"column":null}},{"start":{"line":27,"column":4},"end":{"line":34,"column":null}},{"start":{"line":36,"column":4},"end":{"line":37,"column":19}}]}},"s":{"0":1,"1":1,"2":1,"3":4,"4":3,"5":1,"6":1,"7":1,"8":1,"9":1,"10":1},"f":{"0":3},"b":{"0":[1,2],"1":[1,1,1]}}
,"D:\\dev\\React\\crypto-dashboard\\src\\js\\features\\currencies\\currenciesSelectors.ts": {"path":"D:\\dev\\React\\crypto-dashboard\\src\\js\\features\\currencies\\currenciesSelectors.ts","statementMap":{"0":{"start":{"line":5,"column":13},"end":{"line":7,"column":2}},"1":{"start":{"line":5,"column":80},"end":{"line":7,"column":2}},"2":{"start":{"line":9,"column":13},"end":{"line":17,"column":2}},"3":{"start":{"line":10,"column":50},"end":{"line":10,"column":75}},"4":{"start":{"line":12,"column":2},"end":{"line":14,"column":null}},"5":{"start":{"line":13,"column":4},"end":{"line":13,"column":42}},"6":{"start":{"line":16,"column":2},"end":{"line":16,"column":14}},"7":{"start":{"line":19,"column":13},"end":{"line":27,"column":2}},"8":{"start":{"line":20,"column":50},"end":{"line":20,"column":75}},"9":{"start":{"line":22,"column":2},"end":{"line":24,"column":null}},"10":{"start":{"line":23,"column":4},"end":{"line":23,"column":49}},"11":{"start":{"line":26,"column":2},"end":{"line":26,"column":14}}},"fnMap":{"0":{"name":"(anonymous_0)","decl":{"start":{"line":5,"column":34},"end":{"line":5,"column":35}},"loc":{"start":{"line":5,"column":51},"end":{"line":5,"column":null}}},"1":{"name":"(anonymous_1)","decl":{"start":{"line":9,"column":35},"end":{"line":9,"column":36}},"loc":{"start":{"line":9,"column":52},"end":{"line":17,"column":1}}},"2":{"name":"(anonymous_2)","decl":{"start":{"line":19,"column":32},"end":{"line":19,"column":33}},"loc":{"start":{"line":19,"column":49},"end":{"line":27,"column":1}}}},"branchMap":{"0":{"loc":{"start":{"line":6,"column":2},"end":{"line":6,"column":18}},"type":"binary-expr","locations":[{"start":{"line":6,"column":2},"end":{"line":6,"column":18}},{"start":{"line":6,"column":22},"end":{"line":6,"column":26}}]},"1":{"loc":{"start":{"line":12,"column":2},"end":{"line":14,"column":null}},"type":"if","locations":[{"start":{"line":12,"column":2},"end":{"line":14,"column":null}},{"start":{"line":12,"column":2},"end":{"line":14,"column":null}}]},"2":{"loc":{"start":{"line":13,"column":11},"end":{"line":13,"column":33}},"type":"binary-expr","locations":[{"start":{"line":13,"column":11},"end":{"line":13,"column":33}},{"start":{"line":13,"column":37},"end":{"line":13,"column":41}}]},"3":{"loc":{"start":{"line":22,"column":2},"end":{"line":24,"column":null}},"type":"if","locations":[{"start":{"line":22,"column":2},"end":{"line":24,"column":null}},{"start":{"line":22,"column":2},"end":{"line":24,"column":null}}]},"4":{"loc":{"start":{"line":23,"column":11},"end":{"line":23,"column":40}},"type":"binary-expr","locations":[{"start":{"line":23,"column":11},"end":{"line":23,"column":40}},{"start":{"line":23,"column":44},"end":{"line":23,"column":48}}]}},"s":{"0":7,"1":11,"2":7,"3":3,"4":3,"5":2,"6":1,"7":7,"8":6,"9":6,"10":4,"11":2},"f":{"0":11,"1":3,"2":6},"b":{"0":[11,4],"1":[2,1],"2":[2,1],"3":[4,2],"4":[4,1]}}
,"D:\\dev\\React\\crypto-dashboard\\src\\js\\features\\currencies\\currenciesTypes.ts": {"path":"D:\\dev\\React\\crypto-dashboard\\src\\js\\features\\currencies\\currenciesTypes.ts","statementMap":{"0":{"start":{"line":3,"column":13},"end":{"line":3,"column":61}},"1":{"start":{"line":4,"column":13},"end":{"line":4,"column":55}}},"fnMap":{},"branchMap":{},"s":{"0":5,"1":5},"f":{},"b":{}}
,"D:\\dev\\React\\crypto-dashboard\\src\\js\\features\\currency\\currencyActions.ts": {"path":"D:\\dev\\React\\crypto-dashboard\\src\\js\\features\\currency\\currencyActions.ts","statementMap":{"0":{"start":{"line":1,"column":0},"end":{"line":1,"column":26}},"1":{"start":{"line":2,"column":0},"end":{"line":2,"column":41}},"2":{"start":{"line":3,"column":0},"end":{"line":3,"column":42}},"3":{"start":{"line":4,"column":0},"end":{"line":4,"column":null}},"4":{"start":{"line":16,"column":13},"end":{"line":19,"column":3}},"5":{"start":{"line":16,"column":98},"end":{"line":19,"column":3}},"6":{"start":{"line":21,"column":13},"end":{"line":24,"column":3}},"7":{"start":{"line":21,"column":82},"end":{"line":24,"column":3}},"8":{"start":{"line":26,"column":13},"end":{"line":29,"column":3}},"9":{"start":{"line":26,"column":104},"end":{"line":29,"column":3}},"10":{"start":{"line":35,"column":13},"end":{"line":45,"column":2}},"11":{"start":{"line":35,"column":77},"end":{"line":45,"column":2}},"12":{"start":{"line":36,"column":8},"end":{"line":36,"column":128}},"13":{"start":{"line":38,"column":19},"end":{"line":38,"column":null}},"14":{"start":{"line":38,"column":8},"end":{"line":38,"column":null}},"15":{"start":{"line":40,"column":2},"end":{"line":42,"column":null}},"16":{"start":{"line":41,"column":4},"end":{"line":41,"column":27}},"17":{"start":{"line":44,"column":2},"end":{"line":44,"column":18}},"18":{"start":{"line":51,"column":13},"end":{"line":84,"column":4}},"19":{"start":{"line":52,"column":2},"end":{"line":84,"column":4}},"20":{"start":{"line":52,"column":34},"end":{"line":84,"column":4}},"21":{"start":{"line":53,"column":10},"end":{"line":53,"column":100}},"22":{"start":{"line":55,"column":4},"end":{"line":55,"column":70}},"23":{"start":{"line":58,"column":28},"end":{"line":58,"column":null}},"24":{"start":{"line":58,"column":12},"end":{"line":58,"column":null}},"25":{"start":{"line":59,"column":30},"end":{"line":59,"column":null}},"26":{"start":{"line":59,"column":12},"end":{"line":59,"column":null}},"27":{"start":{"line":61,"column":6},"end":{"line":65,"column":null}},"28":{"start":{"line":62,"column":8},"end":{"line":62,"column":70}},"29":{"start":{"line":64,"column":8},"end":{"line":64,"column":20}},"30":{"start":{"line":67,"column":12},"end":{"line":73,"column":8}},"31":{"start":{"line":75,"column":6},"end":{"line":75,"column":68}},"32":{"start":{"line":76,"column":6},"end":{"line":76,"column":68}},"33":{"start":{"line":78,"column":6},"end":{"line":78,"column":31}},"34":{"start":{"line":80,"column":6},"end":{"line":80,"column":68}},"35":{"start":{"line":82,"column":6},"end":{"line":82,"column":18}},"36":{"start":{"line":90,"column":13},"end":{"line":106,"column":4}},"37":{"start":{"line":94,"column":2},"end":{"line":106,"column":4}},"38":{"start":{"line":94,"column":34},"end":{"line":106,"column":4}},"39":{"start":{"line":96,"column":30},"end":{"line":96,"column":null}},"40":{"start":{"line":96,"column":12},"end":{"line":96,"column":null}},"41":{"start":{"line":97,"column":12},"end":{"line":97,"column":48}},"42":{"start":{"line":98,"column":12},"end":{"line":98,"column":45}},"43":{"start":{"line":100,"column":6},"end":{"line":100,"column":68}},"44":{"start":{"line":102,"column":6},"end":{"line":102,"column":21}},"45":{"start":{"line":104,"column":6},"end":{"line":104,"column":18}}},"fnMap":{"0":{"name":"(anonymous_14)","decl":{"start":{"line":16,"column":33},"end":{"line":16,"column":34}},"loc":{"start":{"line":16,"column":68},"end":{"line":16,"column":99}}},"1":{"name":"(anonymous_15)","decl":{"start":{"line":21,"column":29},"end":{"line":21,"column":30}},"loc":{"start":{"line":21,"column":56},"end":{"line":21,"column":83}}},"2":{"name":"(anonymous_16)","decl":{"start":{"line":26,"column":30},"end":{"line":26,"column":31}},"loc":{"start":{"line":26,"column":77},"end":{"line":26,"column":105}}},"3":{"name":"(anonymous_17)","decl":{"start":{"line":35,"column":36},"end":{"line":35,"column":43}},"loc":{"start":{"line":35,"column":77},"end":{"line":45,"column":2}}},"4":{"name":"(anonymous_18)","decl":{"start":{"line":35,"column":87},"end":{"line":35,"column":null}},"loc":{"start":{"line":35,"column":87},"end":{"line":45,"column":2}}},"5":{"name":"(anonymous_20)","decl":{"start":{"line":51,"column":34},"end":{"line":51,"column":35}},"loc":{"start":{"line":51,"column":53},"end":{"line":52,"column":9}}},"6":{"name":"(anonymous_21)","decl":{"start":{"line":52,"column":2},"end":{"line":52,"column":9}},"loc":{"start":{"line":52,"column":34},"end":{"line":84,"column":4}}},"7":{"name":"(anonymous_22)","decl":{"start":{"line":52,"column":34},"end":{"line":52,"column":null}},"loc":{"start":{"line":52,"column":34},"end":{"line":84,"column":4}}},"8":{"name":"(anonymous_24)","decl":{"start":{"line":90,"column":41},"end":{"line":90,"column":null}},"loc":{"start":{"line":92,"column":16},"end":{"line":94,"column":9}}},"9":{"name":"(anonymous_25)","decl":{"start":{"line":94,"column":2},"end":{"line":94,"column":9}},"loc":{"start":{"line":94,"column":34},"end":{"line":106,"column":4}}},"10":{"name":"(anonymous_26)","decl":{"start":{"line":94,"column":34},"end":{"line":94,"column":null}},"loc":{"start":{"line":94,"column":34},"end":{"line":106,"column":4}}}},"branchMap":{"0":{"loc":{"start":{"line":40,"column":2},"end":{"line":42,"column":null}},"type":"if","locations":[{"start":{"line":40,"column":2},"end":{"line":42,"column":null}},{"start":{"line":40,"column":2},"end":{"line":42,"column":null}}]},"1":{"loc":{"start":{"line":61,"column":6},"end":{"line":65,"column":null}},"type":"if","locations":[{"start":{"line":61,"column":6},"end":{"line":65,"column":null}},{"start":{"line":61,"column":6},"end":{"line":65,"column":null}}]},"2":{"loc":{"start":{"line":61,"column":10},"end":{"line":61,"column":49}},"type":"binary-expr","locations":[{"start":{"line":61,"column":10},"end":{"line":61,"column":49}},{"start":{"line":61,"column":53},"end":{"line":61,"column":94}}]}},"s":{"0":10,"1":10,"2":10,"3":10,"4":10,"5":2,"6":10,"7":2,"8":10,"9":3,"10":10,"11":7,"12":7,"13":7,"14":7,"15":5,"16":1,"17":4,"18":10,"19":3,"20":3,"21":3,"22":3,"23":3,"24":3,"25":3,"26":3,"27":2,"28":1,"29":1,"30":1,"31":1,"32":1,"33":1,"34":1,"35":1,"36":10,"37":2,"38":2,"39":2,"40":2,"41":1,"42":1,"43":1,"44":1,"45":1},"f":{"0":2,"1":2,"2":3,"3":7,"4":7,"5":3,"6":3,"7":3,"8":2,"9":2,"10":2},"b":{"0":[1,4],"1":[1,1],"2":[2,1]}}
,"D:\\dev\\React\\crypto-dashboard\\src\\js\\features\\currency\\currencyReducer.ts": {"path":"D:\\dev\\React\\crypto-dashboard\\src\\js\\features\\currency\\currencyReducer.ts","statementMap":{"0":{"start":{"line":1,"column":0},"end":{"line":1,"column":null}},"1":{"start":{"line":10,"column":24},"end":{"line":66,"column":1}},"2":{"start":{"line":11,"column":2},"end":{"line":11,"column":null}},"3":{"start":{"line":14,"column":2},"end":{"line":65,"column":null}},"4":{"start":{"line":16,"column":37},"end":{"line":16,"column":51}},"5":{"start":{"line":16,"column":24},"end":{"line":16,"column":26}},"6":{"start":{"line":16,"column":32},"end":{"line":16,"column":37}},"7":{"start":{"line":18,"column":6},"end":{"line":22,"column":null}},"8":{"start":{"line":28,"column":29},"end":{"line":28,"column":44}},"9":{"start":{"line":29,"column":6},"end":{"line":38,"column":null}},"10":{"start":{"line":32,"column":10},"end":{"line":35,"column":12}},"11":{"start":{"line":37,"column":10},"end":{"line":37,"column":31}},"12":{"start":{"line":43,"column":35},"end":{"line":43,"column":49}},"13":{"start":{"line":43,"column":24},"end":{"line":43,"column":26}},"14":{"start":{"line":43,"column":30},"end":{"line":43,"column":35}},"15":{"start":{"line":44,"column":28},"end":{"line":44,"column":45}},"16":{"start":{"line":45,"column":48},"end":{"line":45,"column":83}},"17":{"start":{"line":47,"column":6},"end":{"line":58,"column":null}},"18":{"start":{"line":48,"column":8},"end":{"line":54,"column":null}},"19":{"start":{"line":60,"column":6},"end":{"line":60,"column":19}},"20":{"start":{"line":64,"column":6},"end":{"line":64,"column":19}},"21":{"start":{"line":68,"column":0},"end":{"line":68,"column":31}}},"fnMap":{"0":{"name":"(anonymous_2)","decl":{"start":{"line":10,"column":24},"end":{"line":10,"column":null}},"loc":{"start":{"line":12,"column":24},"end":{"line":66,"column":1}}},"1":{"name":"(anonymous_3)","decl":{"start":{"line":31,"column":51},"end":{"line":31,"column":52}},"loc":{"start":{"line":31,"column":75},"end":{"line":38,"column":9}}}},"branchMap":{"0":{"loc":{"start":{"line":11,"column":2},"end":{"line":11,"column":null}},"type":"if","locations":[{"start":{"line":11,"column":2},"end":{"line":11,"column":null}},{"start":{"line":11,"column":2},"end":{"line":11,"column":null}}]},"1":{"loc":{"start":{"line":15,"column":4},"end":{"line":25,"column":null}},"type":"switch","locations":[{"start":{"line":15,"column":4},"end":{"line":25,"column":null}},{"start":{"line":27,"column":4},"end":{"line":40,"column":null}},{"start":{"line":42,"column":4},"end":{"line":61,"column":null}},{"start":{"line":63,"column":4},"end":{"line":64,"column":19}}]},"2":{"loc":{"start":{"line":45,"column":48},"end":{"line":45,"column":61}},"type":"binary-expr","locations":[{"start":{"line":45,"column":48},"end":{"line":45,"column":61}},{"start":{"line":45,"column":65},"end":{"line":45,"column":83}}]},"3":{"loc":{"start":{"line":47,"column":6},"end":{"line":58,"column":null}},"type":"if","locations":[{"start":{"line":47,"column":6},"end":{"line":58,"column":null}},{"start":{"line":47,"column":6},"end":{"line":58,"column":null}}]}},"s":{"0":1,"1":1,"2":6,"3":5,"4":1,"5":1,"6":1,"7":1,"8":1,"9":1,"10":1,"11":1,"12":2,"13":2,"14":2,"15":2,"16":2,"17":2,"18":1,"19":1,"20":1,"21":1},"f":{"0":5,"1":1},"b":{"0":[1,4],"1":[1,1,2,1],"2":[2,2],"3":[1,1]}}
,"D:\\dev\\React\\crypto-dashboard\\src\\js\\features\\currency\\currencySelectors.ts": {"path":"D:\\dev\\React\\crypto-dashboard\\src\\js\\features\\currency\\currencySelectors.ts","statementMap":{"0":{"start":{"line":4,"column":0},"end":{"line":4,"column":69}},"1":{"start":{"line":6,"column":13},"end":{"line":8,"column":2}},"2":{"start":{"line":6,"column":83},"end":{"line":8,"column":2}},"3":{"start":{"line":10,"column":13},"end":{"line":24,"column":2}},"4":{"start":{"line":11,"column":55},"end":{"line":11,"column":78}},"5":{"start":{"line":13,"column":2},"end":{"line":21,"column":null}},"6":{"start":{"line":14,"column":26},"end":{"line":14,"column":53}},"7":{"start":{"line":16,"column":4},"end":{"line":18,"column":null}},"8":{"start":{"line":17,"column":6},"end":{"line":17,"column":42}},"9":{"start":{"line":20,"column":4},"end":{"line":20,"column":16}},"10":{"start":{"line":23,"column":2},"end":{"line":23,"column":14}},"11":{"start":{"line":26,"column":13},"end":{"line":40,"column":2}},"12":{"start":{"line":27,"column":55},"end":{"line":27,"column":78}},"13":{"start":{"line":29,"column":2},"end":{"line":37,"column":null}},"14":{"start":{"line":30,"column":26},"end":{"line":30,"column":53}},"15":{"start":{"line":32,"column":4},"end":{"line":34,"column":null}},"16":{"start":{"line":33,"column":6},"end":{"line":33,"column":40}},"17":{"start":{"line":36,"column":4},"end":{"line":36,"column":16}},"18":{"start":{"line":39,"column":2},"end":{"line":39,"column":14}},"19":{"start":{"line":42,"column":13},"end":{"line":58,"column":2}},"20":{"start":{"line":43,"column":55},"end":{"line":43,"column":78}},"21":{"start":{"line":46,"column":4},"end":{"line":46,"column":26}},"22":{"start":{"line":49,"column":2},"end":{"line":55,"column":null}},"23":{"start":{"line":50,"column":39},"end":{"line":52,"column":26}},"24":{"start":{"line":51,"column":27},"end":{"line":51,"column":62}},"25":{"start":{"line":54,"column":4},"end":{"line":54,"column":22}},"26":{"start":{"line":57,"column":2},"end":{"line":57,"column":14}},"27":{"start":{"line":60,"column":13},"end":{"line":74,"column":2}},"28":{"start":{"line":61,"column":24},"end":{"line":61,"column":47}},"29":{"start":{"line":63,"column":2},"end":{"line":71,"column":null}},"30":{"start":{"line":64,"column":23},"end":{"line":64,"column":63}},"31":{"start":{"line":66,"column":4},"end":{"line":68,"column":null}},"32":{"start":{"line":67,"column":6},"end":{"line":67,"column":108}},"33":{"start":{"line":67,"column":64},"end":{"line":67,"column":107}},"34":{"start":{"line":70,"column":4},"end":{"line":70,"column":16}},"35":{"start":{"line":73,"column":2},"end":{"line":73,"column":14}}},"fnMap":{"0":{"name":"(anonymous_0)","decl":{"start":{"line":6,"column":32},"end":{"line":6,"column":33}},"loc":{"start":{"line":6,"column":49},"end":{"line":6,"column":null}}},"1":{"name":"(anonymous_1)","decl":{"start":{"line":10,"column":37},"end":{"line":10,"column":38}},"loc":{"start":{"line":10,"column":74},"end":{"line":24,"column":1}}},"2":{"name":"(anonymous_2)","decl":{"start":{"line":26,"column":31},"end":{"line":26,"column":32}},"loc":{"start":{"line":26,"column":68},"end":{"line":40,"column":1}}},"3":{"name":"(anonymous_3)","decl":{"start":{"line":42,"column":34},"end":{"line":42,"column":35}},"loc":{"start":{"line":42,"column":76},"end":{"line":58,"column":1}}},"4":{"name":"removeEmpty","decl":{"start":{"line":45,"column":11},"end":{"line":45,"column":22}},"loc":{"start":{"line":45,"column":41},"end":{"line":47,"column":3}}},"5":{"name":"(anonymous_5)","decl":{"start":{"line":51,"column":11},"end":{"line":51,"column":12}},"loc":{"start":{"line":51,"column":22},"end":{"line":51,"column":42}}},"6":{"name":"(anonymous_6)","decl":{"start":{"line":60,"column":29},"end":{"line":60,"column":30}},"loc":{"start":{"line":60,"column":46},"end":{"line":74,"column":1}}},"7":{"name":"(anonymous_7)","decl":{"start":{"line":67,"column":29},"end":{"line":67,"column":30}},"loc":{"start":{"line":67,"column":59},"end":{"line":67,"column":77}}}},"branchMap":{"0":{"loc":{"start":{"line":7,"column":2},"end":{"line":7,"column":16}},"type":"binary-expr","locations":[{"start":{"line":7,"column":2},"end":{"line":7,"column":16}},{"start":{"line":7,"column":20},"end":{"line":7,"column":24}}]},"1":{"loc":{"start":{"line":13,"column":2},"end":{"line":21,"column":null}},"type":"if","locations":[{"start":{"line":13,"column":2},"end":{"line":21,"column":null}},{"start":{"line":13,"column":2},"end":{"line":21,"column":null}}]},"2":{"loc":{"start":{"line":16,"column":4},"end":{"line":18,"column":null}},"type":"if","locations":[{"start":{"line":16,"column":4},"end":{"line":18,"column":null}},{"start":{"line":16,"column":4},"end":{"line":18,"column":null}}]},"3":{"loc":{"start":{"line":17,"column":13},"end":{"line":17,"column":33}},"type":"binary-expr","locations":[{"start":{"line":17,"column":13},"end":{"line":17,"column":33}},{"start":{"line":17,"column":37},"end":{"line":17,"column":41}}]},"4":{"loc":{"start":{"line":29,"column":2},"end":{"line":37,"column":null}},"type":"if","locations":[{"start":{"line":29,"column":2},"end":{"line":37,"column":null}},{"start":{"line":29,"column":2},"end":{"line":37,"column":null}}]},"5":{"loc":{"start":{"line":32,"column":4},"end":{"line":34,"column":null}},"type":"if","locations":[{"start":{"line":32,"column":4},"end":{"line":34,"column":null}},{"start":{"line":32,"column":4},"end":{"line":34,"column":null}}]},"6":{"loc":{"start":{"line":33,"column":13},"end":{"line":33,"column":31}},"type":"binary-expr","locations":[{"start":{"line":33,"column":13},"end":{"line":33,"column":31}},{"start":{"line":33,"column":35},"end":{"line":33,"column":39}}]},"7":{"loc":{"start":{"line":49,"column":2},"end":{"line":55,"column":null}},"type":"if","locations":[{"start":{"line":49,"column":2},"end":{"line":55,"column":null}},{"start":{"line":49,"column":2},"end":{"line":55,"column":null}}]},"8":{"loc":{"start":{"line":49,"column":6},"end":{"line":49,"column":21}},"type":"binary-expr","locations":[{"start":{"line":49,"column":6},"end":{"line":49,"column":21}},{"start":{"line":49,"column":25},"end":{"line":49,"column":38}}]},"9":{"loc":{"start":{"line":63,"column":2},"end":{"line":71,"column":null}},"type":"if","locations":[{"start":{"line":63,"column":2},"end":{"line":71,"column":null}},{"start":{"line":63,"column":2},"end":{"line":71,"column":null}}]},"10":{"loc":{"start":{"line":66,"column":4},"end":{"line":68,"column":null}},"type":"if","locations":[{"start":{"line":66,"column":4},"end":{"line":68,"column":null}},{"start":{"line":66,"column":4},"end":{"line":68,"column":null}}]}},"s":{"0":6,"1":6,"2":19,"3":6,"4":4,"5":4,"6":3,"7":3,"8":2,"9":1,"10":1,"11":6,"12":8,"13":8,"14":7,"15":7,"16":5,"17":2,"18":1,"19":6,"20":5,"21":4,"22":5,"23":2,"24":4,"25":2,"26":3,"27":6,"28":3,"29":3,"30":2,"31":2,"32":1,"33":1,"34":1,"35":1},"f":{"0":19,"1":4,"2":8,"3":5,"4":4,"5":4,"6":3,"7":1},"b":{"0":[19,5],"1":[3,1],"2":[2,1],"3":[2,1],"4":[7,1],"5":[5,2],"6":[5,1],"7":[2,3],"8":[5,3],"9":[2,1],"10":[1,1]}}
,"D:\\dev\\React\\crypto-dashboard\\src\\js\\features\\currency\\currencyTypes.ts": {"path":"D:\\dev\\React\\crypto-dashboard\\src\\js\\features\\currency\\currencyTypes.ts","statementMap":{"0":{"start":{"line":3,"column":13},"end":{"line":3,"column":57}},"1":{"start":{"line":4,"column":13},"end":{"line":4,"column":47}},"2":{"start":{"line":5,"column":13},"end":{"line":5,"column":49}}},"fnMap":{},"branchMap":{},"s":{"0":10,"1":10,"2":10},"f":{},"b":{}}
}
