TN:
SF:src\js\App.tsx
FN:5,(anonymous_7)
FNF:1
FNH:1
FNDA:1,(anonymous_7)
DA:1,1
DA:2,1
DA:3,1
DA:5,1
DA:23,1
LF:5
LH:5
BRF:0
BRH:0
end_of_record
TN:
SF:src\js\Routes.tsx
FN:5,(anonymous_7)
FNF:1
FNH:1
FNDA:1,(anonymous_7)
DA:1,2
DA:2,2
DA:3,2
DA:5,2
DA:12,2
LF:5
LH:5
BRF:0
BRH:0
end_of_record
TN:
SF:src\js\components\Chart.tsx
FN:11,(anonymous_7)
FN:12,(anonymous_8)
FN:13,(anonymous_9)
FNF:3
FNH:3
FNDA:1,(anonymous_7)
FNDA:1,(anonymous_8)
FNDA:1,(anonymous_9)
DA:1,8
DA:2,8
DA:11,8
DA:12,1
DA:13,1
DA:15,1
DA:47,1
DA:50,8
LF:8
LH:8
BRF:0
BRH:0
end_of_record
TN:
SF:src\js\components\currenciesList\CurrenciesList.tsx
FN:13,(anonymous_8)
FN:15,(anonymous_9)
FN:31,(anonymous_10)
FNF:3
FNH:3
FNDA:3,(anonymous_8)
FNDA:4,(anonymous_9)
FNDA:5,(anonymous_10)
DA:1,4
DA:2,4
DA:3,4
DA:5,4
DA:13,4
DA:14,3
DA:15,4
DA:16,3
DA:17,3
DA:18,3
DA:20,3
DA:31,5
DA:60,4
LF:13
LH:13
BRDA:16,0,0,1
BRDA:16,0,1,2
BRDA:24,1,0,1
BRDA:24,1,1,2
BRDA:48,2,0,3
BRDA:48,2,1,1
BRF:6
BRH:6
end_of_record
TN:
SF:src\js\components\currenciesList\CurrenciesListItem.tsx
FN:9,(anonymous_1)
FNF:1
FNH:1
FNDA:2,(anonymous_1)
DA:1,5
DA:2,5
DA:9,5
DA:10,10
DA:12,2
DA:37,5
LF:6
LH:6
BRF:0
BRH:0
end_of_record
TN:
SF:src\js\components\currencyPreview\CurrencyConversionPickerItem.tsx
FN:15,(anonymous_1)
FN:16,handleSelect
FNF:2
FNH:2
FNDA:2,(anonymous_1)
FNDA:1,handleSelect
DA:1,8
DA:15,8
DA:17,1
DA:20,2
DA:45,8
LF:5
LH:5
BRDA:29,0,0,1
BRDA:29,0,1,1
BRDA:30,1,0,1
BRDA:30,1,1,1
BRDA:35,2,0,1
BRDA:35,2,1,1
BRF:6
BRH:6
end_of_record
TN:
SF:src\js\components\currencyPreview\CurrencyPreview.tsx
FN:13,(anonymous_1)
FN:16,handleSelectCurrency
FNF:2
FNH:2
FNDA:4,(anonymous_1)
FNDA:1,handleSelectCurrency
DA:1,6
DA:3,6
DA:13,6
DA:14,16
DA:17,1
DA:20,4
DA:40,6
LF:7
LH:7
BRDA:28,0,0,1
BRDA:28,0,1,3
BRDA:27,1,0,4
BRDA:27,1,1,1
BRF:4
BRH:4
end_of_record
TN:
SF:src\js\components\currencyPreview\CurrencyPreviewContent.tsx
FN:22,(anonymous_7)
FN:30,(anonymous_8)
FNF:2
FNH:2
FNDA:1,(anonymous_7)
FNDA:3,(anonymous_8)
DA:1,7
DA:2,7
DA:4,7
DA:16,7
DA:22,7
DA:23,3
DA:24,1
DA:26,1
DA:30,3
DA:53,7
LF:10
LH:10
BRF:0
BRH:0
end_of_record
TN:
SF:src\js\components\pagination\Pagination.tsx
FN:10,(anonymous_1)
FN:16,(anonymous_2)
FN:17,(anonymous_3)
FNF:3
FNH:3
FNDA:2,(anonymous_1)
FNDA:5,(anonymous_2)
FNDA:5,(anonymous_3)
DA:1,5
DA:2,5
DA:10,5
DA:16,5
DA:17,5
DA:30,5
LF:6
LH:6
BRF:0
BRH:0
end_of_record
TN:
SF:src\js\components\pagination\PaginationItem.tsx
FN:13,(anonymous_1)
FN:14,handleClick
FNF:2
FNH:2
FNDA:2,(anonymous_1)
FNDA:1,handleClick
DA:1,6
DA:13,6
DA:15,1
DA:18,2
DA:33,6
LF:5
LH:5
BRDA:24,0,0,1
BRDA:24,0,1,1
BRF:2
BRH:2
end_of_record
TN:
SF:src\js\consts\actions.ts
FN:1,(anonymous_0)
FNF:1
FNH:1
FNDA:11,(anonymous_0)
DA:1,11
DA:2,11
DA:3,11
DA:4,11
DA:7,11
LF:5
LH:5
BRDA:1,0,0,11
BRDA:1,0,1,11
BRF:2
BRH:2
end_of_record
TN:
SF:src\js\containers\CurrenciesContainer.tsx
FN:31,(anonymous_7)
FN:42,(anonymous_8)
FN:49,(anonymous_9)
FNF:3
FNH:3
FNDA:1,(anonymous_7)
FNDA:5,(anonymous_8)
FNDA:1,(anonymous_9)
DA:1,3
DA:2,3
DA:3,3
DA:4,3
DA:5,3
DA:7,3
DA:9,3
DA:31,3
DA:36,3
DA:39,3
DA:42,3
DA:43,5
DA:44,5
DA:45,5
DA:46,5
DA:47,5
DA:49,5
DA:50,1
DA:53,5
DA:54,1
DA:63,4
DA:64,1
DA:69,3
DA:70,2
DA:81,1
DA:84,3
LF:26
LH:26
BRDA:53,0,0,1
BRDA:53,0,1,4
BRDA:53,1,0,5
BRDA:53,1,1,4
BRDA:63,2,0,1
BRDA:63,2,1,3
BRDA:69,3,0,2
BRDA:69,3,1,1
BRF:8
BRH:8
end_of_record
TN:
SF:src\js\containers\CurrencyContainer.tsx
FN:34,(anonymous_7)
FN:49,(anonymous_8)
FN:59,(anonymous_9)
FN:64,handleModalClose
FN:68,(anonymous_11)
FNF:5
FNH:5
FNDA:3,(anonymous_7)
FNDA:7,(anonymous_8)
FNDA:3,(anonymous_9)
FNDA:1,handleModalClose
FNDA:6,(anonymous_11)
DA:1,5
DA:2,5
DA:3,5
DA:5,5
DA:6,5
DA:13,5
DA:34,5
DA:35,3
DA:37,3
DA:42,5
DA:46,5
DA:49,5
DA:50,7
DA:51,7
DA:52,7
DA:53,7
DA:54,7
DA:55,7
DA:57,7
DA:59,7
DA:60,3
DA:61,3
DA:65,1
DA:68,7
DA:98,7
DA:99,4
DA:102,3
DA:129,5
LF:28
LH:28
BRDA:71,0,0,6
BRDA:71,0,1,6
BRDA:71,0,2,2
BRDA:81,1,0,6
BRDA:81,1,1,2
BRDA:81,1,2,4
BRDA:87,2,0,6
BRDA:87,2,1,2
BRDA:87,2,2,2
BRDA:98,3,0,4
BRDA:98,3,1,3
BRF:11
BRH:11
end_of_record
TN:
SF:src\js\features\currencies\currenciesActions.ts
FN:34,(anonymous_14)
FN:39,(anonymous_15)
FN:40,(anonymous_16)
FN:48,(anonymous_17)
FN:55,(anonymous_18)
FN:85,(anonymous_19)
FN:86,(anonymous_20)
FN:86,(anonymous_21)
FNF:8
FNH:8
FNDA:2,(anonymous_14)
FNDA:2,(anonymous_15)
FNDA:4,(anonymous_16)
FNDA:3,(anonymous_17)
FNDA:4,(anonymous_18)
FNDA:2,(anonymous_19)
FNDA:2,(anonymous_20)
FNDA:2,(anonymous_21)
DA:1,5
DA:2,5
DA:3,5
DA:9,5
DA:12,5
DA:34,5
DA:39,5
DA:40,4
DA:42,2
DA:48,5
DA:51,3
DA:52,2
DA:53,2
DA:57,4
DA:58,4
DA:59,4
DA:60,4
DA:61,4
DA:63,4
DA:64,2
DA:74,4
DA:78,1
DA:85,5
DA:86,2
DA:87,2
DA:89,2
DA:92,2
DA:93,1
DA:95,1
DA:96,1
DA:97,1
DA:99,1
DA:101,1
DA:103,1
LF:34
LH:34
BRDA:51,0,0,2
BRDA:51,0,1,1
BRDA:51,1,0,3
BRDA:51,1,1,2
BRDA:63,2,0,2
BRDA:63,2,1,2
BRDA:63,3,0,4
BRDA:63,3,1,2
BRF:8
BRH:8
end_of_record
TN:
SF:src\js\features\currencies\currenciesReducer.ts
FN:13,(anonymous_2)
FNF:1
FNH:1
FNDA:3,(anonymous_2)
DA:1,1
DA:8,1
DA:13,1
DA:14,4
DA:17,3
DA:19,1
DA:21,1
DA:28,1
DA:30,1
DA:37,1
DA:41,1
LF:11
LH:11
BRDA:14,0,0,1
BRDA:14,0,1,2
BRDA:18,1,0,1
BRDA:18,1,1,1
BRDA:18,1,2,1
BRF:5
BRH:5
end_of_record
TN:
SF:src\js\features\currencies\currenciesSelectors.ts
FN:5,(anonymous_0)
FN:9,(anonymous_1)
FN:19,(anonymous_2)
FNF:3
FNH:3
FNDA:11,(anonymous_0)
FNDA:3,(anonymous_1)
FNDA:6,(anonymous_2)
DA:5,11
DA:9,7
DA:10,3
DA:12,3
DA:13,2
DA:16,1
DA:19,7
DA:20,6
DA:22,6
DA:23,4
DA:26,2
LF:11
LH:11
BRDA:6,0,0,11
BRDA:6,0,1,4
BRDA:12,1,0,2
BRDA:12,1,1,1
BRDA:13,2,0,2
BRDA:13,2,1,1
BRDA:22,3,0,4
BRDA:22,3,1,2
BRDA:23,4,0,4
BRDA:23,4,1,1
BRF:10
BRH:10
end_of_record
TN:
SF:src\js\features\currencies\currenciesTypes.ts
FNF:0
FNH:0
DA:3,5
DA:4,5
LF:2
LH:2
BRF:0
BRH:0
end_of_record
TN:
SF:src\js\features\currency\currencyActions.ts
FN:16,(anonymous_14)
FN:21,(anonymous_15)
FN:26,(anonymous_16)
FN:35,(anonymous_17)
FN:35,(anonymous_18)
FN:51,(anonymous_20)
FN:52,(anonymous_21)
FN:52,(anonymous_22)
FN:90,(anonymous_24)
FN:94,(anonymous_25)
FN:94,(anonymous_26)
FNF:11
FNH:11
FNDA:2,(anonymous_14)
FNDA:2,(anonymous_15)
FNDA:3,(anonymous_16)
FNDA:7,(anonymous_17)
FNDA:7,(anonymous_18)
FNDA:3,(anonymous_20)
FNDA:3,(anonymous_21)
FNDA:3,(anonymous_22)
FNDA:2,(anonymous_24)
FNDA:2,(anonymous_25)
FNDA:2,(anonymous_26)
DA:1,10
DA:2,10
DA:3,10
DA:4,10
DA:16,10
DA:21,10
DA:26,10
DA:35,10
DA:36,7
DA:38,7
DA:40,5
DA:41,1
DA:44,4
DA:51,10
DA:52,3
DA:53,3
DA:55,3
DA:58,3
DA:59,3
DA:61,2
DA:62,1
DA:64,1
DA:67,1
DA:75,1
DA:76,1
DA:78,1
DA:80,1
DA:82,1
DA:90,10
DA:94,2
DA:96,2
DA:97,1
DA:98,1
DA:100,1
DA:102,1
DA:104,1
LF:36
LH:36
BRDA:40,0,0,1
BRDA:40,0,1,4
BRDA:61,1,0,1
BRDA:61,1,1,1
BRDA:61,2,0,2
BRDA:61,2,1,1
BRF:6
BRH:6
end_of_record
TN:
SF:src\js\features\currency\currencyReducer.ts
FN:10,(anonymous_2)
FN:31,(anonymous_3)
FNF:2
FNH:2
FNDA:5,(anonymous_2)
FNDA:1,(anonymous_3)
DA:1,1
DA:10,1
DA:11,6
DA:14,5
DA:16,1
DA:18,1
DA:28,1
DA:29,1
DA:32,1
DA:37,1
DA:43,2
DA:44,2
DA:45,2
DA:47,2
DA:48,1
DA:60,1
DA:64,1
DA:68,1
LF:18
LH:18
BRDA:11,0,0,1
BRDA:11,0,1,4
BRDA:15,1,0,1
BRDA:15,1,1,1
BRDA:15,1,2,2
BRDA:15,1,3,1
BRDA:45,2,0,2
BRDA:45,2,1,2
BRDA:47,3,0,1
BRDA:47,3,1,1
BRF:10
BRH:10
end_of_record
TN:
SF:src\js\features\currency\currencySelectors.ts
FN:6,(anonymous_0)
FN:10,(anonymous_1)
FN:26,(anonymous_2)
FN:42,(anonymous_3)
FN:45,removeEmpty
FN:51,(anonymous_5)
FN:60,(anonymous_6)
FN:67,(anonymous_7)
FNF:8
FNH:8
FNDA:19,(anonymous_0)
FNDA:4,(anonymous_1)
FNDA:8,(anonymous_2)
FNDA:5,(anonymous_3)
FNDA:4,removeEmpty
FNDA:4,(anonymous_5)
FNDA:3,(anonymous_6)
FNDA:1,(anonymous_7)
DA:4,6
DA:6,19
DA:10,6
DA:11,4
DA:13,4
DA:14,3
DA:16,3
DA:17,2
DA:20,1
DA:23,1
DA:26,6
DA:27,8
DA:29,8
DA:30,7
DA:32,7
DA:33,5
DA:36,2
DA:39,1
DA:42,6
DA:43,5
DA:46,4
DA:49,5
DA:50,2
DA:51,4
DA:54,2
DA:57,3
DA:60,6
DA:61,3
DA:63,3
DA:64,2
DA:66,2
DA:67,1
DA:70,1
DA:73,1
LF:34
LH:34
BRDA:7,0,0,19
BRDA:7,0,1,5
BRDA:13,1,0,3
BRDA:13,1,1,1
BRDA:16,2,0,2
BRDA:16,2,1,1
BRDA:17,3,0,2
BRDA:17,3,1,1
BRDA:29,4,0,7
BRDA:29,4,1,1
BRDA:32,5,0,5
BRDA:32,5,1,2
BRDA:33,6,0,5
BRDA:33,6,1,1
BRDA:49,7,0,2
BRDA:49,7,1,3
BRDA:49,8,0,5
BRDA:49,8,1,3
BRDA:63,9,0,2
BRDA:63,9,1,1
BRDA:66,10,0,1
BRDA:66,10,1,1
BRF:22
BRH:22
end_of_record
TN:
SF:src\js\features\currency\currencyTypes.ts
FNF:0
FNH:0
DA:3,10
DA:4,10
DA:5,10
LF:3
LH:3
BRF:0
BRH:0
end_of_record
